[
  {
    "line": 1,
    "elements": [
      {
        "before": [
          {
            "result": {
              "duration": 7847420595,
              "status": "passed"
            },
            "match": {
              "location": "Stepdefs.setUp()"
            }
          }
        ],
        "line": 19,
        "name": "a registered user logs into the website",
        "description": "",
        "id": "login;a-registered-user-logs-into-the-website;;2",
        "after": [
          {
            "result": {
              "duration": 2092534979,
              "status": "passed"
            },
            "match": {
              "location": "Stepdefs.tearDown()"
            }
          }
        ],
        "type": "scenario",
        "keyword": "Scenario Outline",
        "steps": [
          {
            "result": {
              "duration": 7978367,
              "status": "passed"
            },
            "line": 14,
            "name": "I am logged out",
            "match": {
              "location": "Stepdefs.i_am_logged_out()"
            },
            "keyword": "Given "
          },
          {
            "result": {
              "error_message": "org.openqa.selenium.NoSuchElementException: no such element: Unable to locate element: {\"method\":\"css selector\",\"selector\":\".ase\\-button\\-module_base\\ primary\\-button\\-module_button\\ base\\-button\\-module_regular\\ base\\-button\\-module_full\\-width\\ login_button\"}\n  (Session info: chrome\u003d80.0.3987.87)\nFor documentation on this error, please visit: https://www.seleniumhq.org/exceptions/no_such_element.html\nBuild info: version: \u00273.141.59\u0027, revision: \u0027e82be7d358\u0027, time: \u00272018-11-14T08:17:03\u0027\nSystem info: host: \u0027SOMO-M-LDN-049.local\u0027, ip: \u0027fe80:0:0:0:8d5:48e6:2f07:1fae%en0\u0027, os.name: \u0027Mac OS X\u0027, os.arch: \u0027x86_64\u0027, os.version: \u002710.14.5\u0027, java.version: \u00271.8.0_202\u0027\nDriver info: org.openqa.selenium.chrome.ChromeDriver\nCapabilities {acceptInsecureCerts: false, browserName: chrome, browserVersion: 80.0.3987.87, chrome: {chromedriverVersion: 80.0.3987.16 (320f6526c1632..., userDataDir: /var/folders/cb/0q7v3gy51qz...}, goog:chromeOptions: {debuggerAddress: localhost:50370}, javascriptEnabled: true, networkConnectionEnabled: false, pageLoadStrategy: normal, platform: MAC, platformName: MAC, proxy: Proxy(), setWindowRect: true, strictFileInteractability: false, timeouts: {implicit: 0, pageLoad: 300000, script: 30000}, unhandledPromptBehavior: dismiss and notify}\nSession ID: d9185de848adf6d32ecdaabe7adff47c\n*** Element info: {Using\u003dclass name, value\u003dase-button-module_base primary-button-module_button base-button-module_regular base-button-module_full-width login_button}\n\tat sun.reflect.NativeConstructorAccessorImpl.newInstance0(Native Method)\n\tat sun.reflect.NativeConstructorAccessorImpl.newInstance(NativeConstructorAccessorImpl.java:62)\n\tat sun.reflect.DelegatingConstructorAccessorImpl.newInstance(DelegatingConstructorAccessorImpl.java:45)\n\tat java.lang.reflect.Constructor.newInstance(Constructor.java:423)\n\tat org.openqa.selenium.remote.http.W3CHttpResponseCodec.createException(W3CHttpResponseCodec.java:187)\n\tat org.openqa.selenium.remote.http.W3CHttpResponseCodec.decode(W3CHttpResponseCodec.java:122)\n\tat org.openqa.selenium.remote.http.W3CHttpResponseCodec.decode(W3CHttpResponseCodec.java:49)\n\tat org.openqa.selenium.remote.HttpCommandExecutor.execute(HttpCommandExecutor.java:158)\n\tat org.openqa.selenium.remote.service.DriverCommandExecutor.execute(DriverCommandExecutor.java:83)\n\tat org.openqa.selenium.remote.RemoteWebDriver.execute(RemoteWebDriver.java:552)\n\tat org.openqa.selenium.remote.RemoteWebDriver.findElement(RemoteWebDriver.java:323)\n\tat org.openqa.selenium.remote.RemoteWebDriver.findElementByClassName(RemoteWebDriver.java:412)\n\tat org.openqa.selenium.By$ByClassName.findElement(By.java:389)\n\tat org.openqa.selenium.remote.RemoteWebDriver.findElement(RemoteWebDriver.java:315)\n\tat pages.LoginPage.clickLoginButton(LoginPage.java:35)\n\tat co.uk.cinch.Stepdefs.i_enter_username_and_password(Stepdefs.java:54)\n\tat ✽.I enter username \"mishal.shah@somoglobal.com\" and \"\u003cpassword\u003e\"(classpath:co/uk/cinch/login.feature:15)\n",
              "duration": 295661848,
              "status": "failed"
            },
            "line": 15,
            "name": "I enter username \"mishal.shah@somoglobal.com\" and \"\u003cpassword\u003e\"",
            "match": {
              "arguments": [
                {
                  "val": "\"mishal.shah@somoglobal.com\"",
                  "offset": 17
                },
                {
                  "val": "\"\u003cpassword\u003e\"",
                  "offset": 50
                }
              ],
              "location": "Stepdefs.i_enter_username_and_password(String,String)"
            },
            "keyword": "When "
          },
          {
            "result": {
              "duration": 13409,
              "status": "skipped"
            },
            "line": 16,
            "name": "The user is taken to My Profile page",
            "match": {
              "location": "Stepdefs.the_user_is_taken_to_My_Profile_page()"
            },
            "keyword": "Then "
          }
        ],
        "tags": [
          {
            "name": "@high-impact"
          }
        ]
      },
      {
        "before": [
          {
            "result": {
              "duration": 1844900056,
              "status": "passed"
            },
            "match": {
              "location": "Stepdefs.setUp()"
            }
          }
        ],
        "line": 20,
        "name": "a registered user logs into the website",
        "description": "",
        "id": "login;a-registered-user-logs-into-the-website;;3",
        "after": [
          {
            "result": {
              "duration": 2104524663,
              "status": "passed"
            },
            "match": {
              "location": "Stepdefs.tearDown()"
            }
          }
        ],
        "type": "scenario",
        "keyword": "Scenario Outline",
        "steps": [
          {
            "result": {
              "duration": 4871464,
              "status": "passed"
            },
            "line": 14,
            "name": "I am logged out",
            "match": {
              "location": "Stepdefs.i_am_logged_out()"
            },
            "keyword": "Given "
          },
          {
            "result": {
              "error_message": "org.openqa.selenium.NoSuchElementException: no such element: Unable to locate element: {\"method\":\"css selector\",\"selector\":\".ase\\-button\\-module_base\\ primary\\-button\\-module_button\\ base\\-button\\-module_regular\\ base\\-button\\-module_full\\-width\\ login_button\"}\n  (Session info: chrome\u003d80.0.3987.87)\nFor documentation on this error, please visit: https://www.seleniumhq.org/exceptions/no_such_element.html\nBuild info: version: \u00273.141.59\u0027, revision: \u0027e82be7d358\u0027, time: \u00272018-11-14T08:17:03\u0027\nSystem info: host: \u0027SOMO-M-LDN-049.local\u0027, ip: \u0027fe80:0:0:0:8d5:48e6:2f07:1fae%en0\u0027, os.name: \u0027Mac OS X\u0027, os.arch: \u0027x86_64\u0027, os.version: \u002710.14.5\u0027, java.version: \u00271.8.0_202\u0027\nDriver info: org.openqa.selenium.chrome.ChromeDriver\nCapabilities {acceptInsecureCerts: false, browserName: chrome, browserVersion: 80.0.3987.87, chrome: {chromedriverVersion: 80.0.3987.16 (320f6526c1632..., userDataDir: /var/folders/cb/0q7v3gy51qz...}, goog:chromeOptions: {debuggerAddress: localhost:50405}, javascriptEnabled: true, networkConnectionEnabled: false, pageLoadStrategy: normal, platform: MAC, platformName: MAC, proxy: Proxy(), setWindowRect: true, strictFileInteractability: false, timeouts: {implicit: 0, pageLoad: 300000, script: 30000}, unhandledPromptBehavior: dismiss and notify}\nSession ID: 64934c23e9e2e8335b0ef91f1028190b\n*** Element info: {Using\u003dclass name, value\u003dase-button-module_base primary-button-module_button base-button-module_regular base-button-module_full-width login_button}\n\tat sun.reflect.NativeConstructorAccessorImpl.newInstance0(Native Method)\n\tat sun.reflect.NativeConstructorAccessorImpl.newInstance(NativeConstructorAccessorImpl.java:62)\n\tat sun.reflect.DelegatingConstructorAccessorImpl.newInstance(DelegatingConstructorAccessorImpl.java:45)\n\tat java.lang.reflect.Constructor.newInstance(Constructor.java:423)\n\tat org.openqa.selenium.remote.http.W3CHttpResponseCodec.createException(W3CHttpResponseCodec.java:187)\n\tat org.openqa.selenium.remote.http.W3CHttpResponseCodec.decode(W3CHttpResponseCodec.java:122)\n\tat org.openqa.selenium.remote.http.W3CHttpResponseCodec.decode(W3CHttpResponseCodec.java:49)\n\tat org.openqa.selenium.remote.HttpCommandExecutor.execute(HttpCommandExecutor.java:158)\n\tat org.openqa.selenium.remote.service.DriverCommandExecutor.execute(DriverCommandExecutor.java:83)\n\tat org.openqa.selenium.remote.RemoteWebDriver.execute(RemoteWebDriver.java:552)\n\tat org.openqa.selenium.remote.RemoteWebDriver.findElement(RemoteWebDriver.java:323)\n\tat org.openqa.selenium.remote.RemoteWebDriver.findElementByClassName(RemoteWebDriver.java:412)\n\tat org.openqa.selenium.By$ByClassName.findElement(By.java:389)\n\tat org.openqa.selenium.remote.RemoteWebDriver.findElement(RemoteWebDriver.java:315)\n\tat pages.LoginPage.clickLoginButton(LoginPage.java:35)\n\tat co.uk.cinch.Stepdefs.i_enter_username_and_password(Stepdefs.java:54)\n\tat ✽.I enter username \"mishalshah_1@hotmail.com\" and \"\u003cpassword\u003e\"(classpath:co/uk/cinch/login.feature:15)\n",
              "duration": 231155634,
              "status": "failed"
            },
            "line": 15,
            "name": "I enter username \"mishalshah_1@hotmail.com\" and \"\u003cpassword\u003e\"",
            "match": {
              "arguments": [
                {
                  "val": "\"mishalshah_1@hotmail.com\"",
                  "offset": 17
                },
                {
                  "val": "\"\u003cpassword\u003e\"",
                  "offset": 48
                }
              ],
              "location": "Stepdefs.i_enter_username_and_password(String,String)"
            },
            "keyword": "When "
          },
          {
            "result": {
              "duration": 8554,
              "status": "skipped"
            },
            "line": 16,
            "name": "The user is taken to My Profile page",
            "match": {
              "location": "Stepdefs.the_user_is_taken_to_My_Profile_page()"
            },
            "keyword": "Then "
          }
        ],
        "tags": [
          {
            "name": "@high-impact"
          }
        ]
      },
      {
        "before": [
          {
            "result": {
              "duration": 1957659335,
              "status": "passed"
            },
            "match": {
              "location": "Stepdefs.setUp()"
            }
          }
        ],
        "line": 21,
        "name": "a registered user logs into the website",
        "description": "",
        "id": "login;a-registered-user-logs-into-the-website;;4",
        "after": [
          {
            "result": {
              "duration": 2094481132,
              "status": "passed"
            },
            "match": {
              "location": "Stepdefs.tearDown()"
            }
          }
        ],
        "type": "scenario",
        "keyword": "Scenario Outline",
        "steps": [
          {
            "result": {
              "duration": 10527027,
              "status": "passed"
            },
            "line": 14,
            "name": "I am logged out",
            "match": {
              "location": "Stepdefs.i_am_logged_out()"
            },
            "keyword": "Given "
          },
          {
            "result": {
              "error_message": "org.openqa.selenium.NoSuchElementException: no such element: Unable to locate element: {\"method\":\"css selector\",\"selector\":\".ase\\-button\\-module_base\\ primary\\-button\\-module_button\\ base\\-button\\-module_regular\\ base\\-button\\-module_full\\-width\\ login_button\"}\n  (Session info: chrome\u003d80.0.3987.87)\nFor documentation on this error, please visit: https://www.seleniumhq.org/exceptions/no_such_element.html\nBuild info: version: \u00273.141.59\u0027, revision: \u0027e82be7d358\u0027, time: \u00272018-11-14T08:17:03\u0027\nSystem info: host: \u0027SOMO-M-LDN-049.local\u0027, ip: \u0027fe80:0:0:0:8d5:48e6:2f07:1fae%en0\u0027, os.name: \u0027Mac OS X\u0027, os.arch: \u0027x86_64\u0027, os.version: \u002710.14.5\u0027, java.version: \u00271.8.0_202\u0027\nDriver info: org.openqa.selenium.chrome.ChromeDriver\nCapabilities {acceptInsecureCerts: false, browserName: chrome, browserVersion: 80.0.3987.87, chrome: {chromedriverVersion: 80.0.3987.16 (320f6526c1632..., userDataDir: /var/folders/cb/0q7v3gy51qz...}, goog:chromeOptions: {debuggerAddress: localhost:50440}, javascriptEnabled: true, networkConnectionEnabled: false, pageLoadStrategy: normal, platform: MAC, platformName: MAC, proxy: Proxy(), setWindowRect: true, strictFileInteractability: false, timeouts: {implicit: 0, pageLoad: 300000, script: 30000}, unhandledPromptBehavior: dismiss and notify}\nSession ID: 7b8d269b87a7b171dd0cb4bef2b91fcc\n*** Element info: {Using\u003dclass name, value\u003dase-button-module_base primary-button-module_button base-button-module_regular base-button-module_full-width login_button}\n\tat sun.reflect.NativeConstructorAccessorImpl.newInstance0(Native Method)\n\tat sun.reflect.NativeConstructorAccessorImpl.newInstance(NativeConstructorAccessorImpl.java:62)\n\tat sun.reflect.DelegatingConstructorAccessorImpl.newInstance(DelegatingConstructorAccessorImpl.java:45)\n\tat java.lang.reflect.Constructor.newInstance(Constructor.java:423)\n\tat org.openqa.selenium.remote.http.W3CHttpResponseCodec.createException(W3CHttpResponseCodec.java:187)\n\tat org.openqa.selenium.remote.http.W3CHttpResponseCodec.decode(W3CHttpResponseCodec.java:122)\n\tat org.openqa.selenium.remote.http.W3CHttpResponseCodec.decode(W3CHttpResponseCodec.java:49)\n\tat org.openqa.selenium.remote.HttpCommandExecutor.execute(HttpCommandExecutor.java:158)\n\tat org.openqa.selenium.remote.service.DriverCommandExecutor.execute(DriverCommandExecutor.java:83)\n\tat org.openqa.selenium.remote.RemoteWebDriver.execute(RemoteWebDriver.java:552)\n\tat org.openqa.selenium.remote.RemoteWebDriver.findElement(RemoteWebDriver.java:323)\n\tat org.openqa.selenium.remote.RemoteWebDriver.findElementByClassName(RemoteWebDriver.java:412)\n\tat org.openqa.selenium.By$ByClassName.findElement(By.java:389)\n\tat org.openqa.selenium.remote.RemoteWebDriver.findElement(RemoteWebDriver.java:315)\n\tat pages.LoginPage.clickLoginButton(LoginPage.java:35)\n\tat co.uk.cinch.Stepdefs.i_enter_username_and_password(Stepdefs.java:54)\n\tat ✽.I enter username \"mishalashah.01@gmail.com\" and \"\u003cpassword\u003e\"(classpath:co/uk/cinch/login.feature:15)\n",
              "duration": 264104947,
              "status": "failed"
            },
            "line": 15,
            "name": "I enter username \"mishalashah.01@gmail.com\" and \"\u003cpassword\u003e\"",
            "match": {
              "arguments": [
                {
                  "val": "\"mishalashah.01@gmail.com\"",
                  "offset": 17
                },
                {
                  "val": "\"\u003cpassword\u003e\"",
                  "offset": 48
                }
              ],
              "location": "Stepdefs.i_enter_username_and_password(String,String)"
            },
            "keyword": "When "
          },
          {
            "result": {
              "duration": 7901,
              "status": "skipped"
            },
            "line": 16,
            "name": "The user is taken to My Profile page",
            "match": {
              "location": "Stepdefs.the_user_is_taken_to_My_Profile_page()"
            },
            "keyword": "Then "
          }
        ],
        "tags": [
          {
            "name": "@high-impact"
          }
        ]
      }
    ],
    "name": "Login",
    "description": "  Acceptance Criteria:\n  * In order to favourite a car\n  As a user\n  I want to know if my login is successful\n\n  Rules:\n  * The user must be informed if the login information is incorrect\n  * The user must be taken to My Profile page if the login is successful",
    "id": "login",
    "keyword": "Feature",
    "uri": "classpath:co/uk/cinch/login.feature",
    "tags": []
  }
]